<?xml version="1.0" encoding="UTF-8"?>
<!-- Generated by org.testng.reporters.JUnitReportReporter -->
<testsuite hostname="XIPL9928" failures="0" tests="1" name="com.TestCase.ExportData" time="27.489" errors="0" timestamp="2022-03-04T10:44:21 IST" skipped="0">
  <testcase classname="com.TestCase.ExportData" name="exportDataFromQuery" time="27.489"/>
  <system-out/>
</testsuite> <!-- com.TestCase.ExportData -->
